O	  11.09200	    b	  13.85849	   0.00001	 138.61455	  -3.00010    d	  16.64869	   0.00000	 102.96454	   2.99997    h	  13.77656	  -0.03790	   0.00000	  -1.99859
O	  11.59200	    b	  13.83313	   0.00001	 145.55504	  -3.00010    d	  16.63163	   0.00000	 111.28360	   2.99997    h	  16.36950	  -0.00970	   7.49463	  -2.20897
O	  12.09200	    b	  13.86063	   0.00001	 152.49803	  -3.00010    d	  16.64465	   0.00000	 119.60234	   2.99997    h	  18.90547	   0.00524	  16.34082	  -2.27896
O	  12.59200	    b	  13.90991	   0.00001	 159.43871	  -3.00010    d	  16.64017	   0.00000	 127.92168	   2.99997    h	  20.70997	  -0.00166	  26.36531	  -2.27067
O	  13.09200	    b	  13.92144	   0.00001	 166.37810	  -3.00010    d	  16.63428	   0.00000	 136.24046	   2.99997    h	  20.72663	  -0.01166	  36.72830	  -2.31344
O	  13.59200	    b	  13.90549	   0.00001	 173.31798	  -3.00010    d	  16.64809	   0.00000	 144.55974	   2.99997    h	  20.72655	  -0.01114	  47.08901	  -2.41594
O	  14.09200	    b	  13.86899	   0.00001	 180.25798	  -3.00010    d	  16.63095	   0.00000	 152.87859	   2.99997    h	  20.87534	  -0.01105	  57.45531	  -2.52867
O	  14.59200	    b	  13.84689	   0.00001	 187.19792	  -3.00010    d	  16.64611	   0.00000	 161.19743	   2.99997    h	  21.81126	  -0.01103	  68.12240	  -2.64617
O	  15.09200	    b	  13.82800	   0.00001	 194.13878	  -3.00010    d	  16.63842	   0.00000	 169.51683	   2.99997    h	  23.09126	  -0.01103	  79.30843	  -2.76955
O	  15.59200	    b	  13.82721	   0.00001	 201.07793	  -3.00010    d	  16.63685	   0.00000	 177.83574	   2.99997    h	  24.13603	  -0.00113	  91.15450	  -2.89719
O	  16.10200	    b	  13.85164	   0.00001	 208.15923	  -3.00010    d	  16.64254	   0.00000	 186.32237	   2.99997    h	  24.64953	  -0.00872	 103.59436	  -2.92858
O	  16.60800	    b	  13.88794	   0.00001	 215.18413	  -3.00010    d	  16.62688	   0.00000	 194.74345	   2.99997    h	  25.15045	  -0.00228	 116.19463	  -2.99523
O	  17.11400	    b	  13.90741	   0.00001	 222.20885	  -3.00010    d	  16.63132	   0.00000	 203.16502	   2.99997    h	  25.65168	  -0.00227	 129.05125	  -3.04753
O	  17.62000	    b	  13.94849	   0.00001	 229.23265	  -3.00010    d	  16.64833	   0.00000	 211.58690	   2.99997    h	  26.15700	  -0.00255	 142.16216	  -3.08394
O	  18.12600	    b	  13.87749	   0.00001	 236.25743	  -3.00010    d	  16.66157	   0.00000	 220.00932	   2.99997    h	  26.65786	   0.00067	 155.52647	  -3.10459
O	  18.63200	    b	  13.84525	   0.00001	 243.28197	  -3.00010    d	  16.65751	   0.00000	 228.43169	   2.99997    h	  27.16831	   0.00030	 169.14415	  -3.10560
O	  19.13800	    b	  13.85334	   0.00001	 250.30772	  -3.00010    d	  16.65249	   0.00000	 236.85429	   2.99997    h	  27.66573	   0.00023	 183.01628	  -3.10296
O	  19.64400	    b	  13.90406	   0.00001	 257.33134	  -3.00010    d	  16.64476	   0.00000	 245.27684	   2.99997    h	  28.16994	   0.00023	 197.14238	  -3.09979
O	  20.15000	    b	  13.90764	   0.00001	 264.35503	  -3.00010    d	  16.63324	   0.00000	 253.69926	   2.99997    h	  28.67966	   0.00023	 211.52586	  -3.09641
O	  20.65600	    b	  13.90804	   0.00001	 271.38683	  -3.00010    d	  16.63044	   0.00000	 262.12187	   2.99997    h	  27.94128	   0.00023	 225.87852	  -3.09303
O	  21.16200	    b	  13.90583	   0.00001	 278.41089	  -3.00010    d	  16.62847	   0.00000	 270.54466	   2.99997    h	  27.04852	   0.00023	 239.79088	  -3.08984
O	  21.66800	    b	  13.95175	   0.00001	 285.44302	  -3.00010    d	  16.62813	   0.00000	 278.96750	   2.99997    h	  26.13987	   0.00023	 253.24699	  -3.08695
O	  22.17400	    b	  13.85929	   0.00001	 292.47342	  -3.00010    d	  16.63039	   0.00000	 287.39047	   2.99997    h	  25.22648	   0.00023	 266.24217	  -3.08405
O	  22.68000	    b	  13.90726	   0.00001	 299.49796	  -3.00010    d	  16.63853	   0.00000	 295.81345	   2.99997    h	  24.31394	   0.00023	 278.77432	  -3.08116
O	  23.18600	    b	  13.91227	   0.00001	 306.52927	  -3.00010    d	  16.65457	   0.00000	 304.23642	   2.99997    h	  23.41646	   0.00023	 290.84824	  -3.07826
O	  23.69200	    b	  13.81557	   0.00001	 313.55753	  -3.00010    d	  16.65812	   0.00000	 312.65915	   2.99997    h	  22.53822	   0.00023	 302.47287	  -3.07568
O	  24.19800	    d	  16.67018	   0.00000	 321.08188	   2.99997    b	  13.90429	   0.00001	 320.58481	  -3.00010    h	  21.68873	   0.00023	 313.65952	  -3.07327
O	  24.70400	    d	  16.66404	   0.00000	 329.50443	   2.99997    b	  15.33960	  -0.03977	 328.00327	  -2.98845    h	  18.43282	  -0.03045	 323.99741	  -3.08704
O	  25.21000	    d	  16.64868	   0.00000	 337.92722	   2.99997    b	  13.84811	   0.02729	 335.61478	  -2.93784    h	  14.10562	   0.03997	 331.65494	  -3.03039
O	  25.71600	    d	  16.61749	  -0.01541	 346.44339	   2.94889    b	  13.87740	  -0.01570	 342.63147	  -2.90029    h	  13.21767	   0.02638	 338.54294	  -2.81548
O	  26.22200	    d	  16.66417	  -0.00194	 355.03162	   2.81911    b	  13.94481	  -0.01390	 349.52567	  -3.07879    h	  12.42098	   0.00509	 344.96704	  -2.67429
O	  26.72800	    d	  16.64693	   0.00495	 363.61374	   2.77333    b	  13.89602	   0.00519	 356.41248	  -3.24230    h	  11.69341	  -0.03483	 350.95554	  -2.76473
O	  27.23400	    d	  16.62006	   0.00621	 372.19501	   2.76656    b	  13.83510	   0.01407	 363.29337	  -3.30405    h	  11.02433	  -0.07235	 356.58237	  -3.07392
O	  27.74000	    d	  16.62555	   0.00622	 380.77545	   2.76748    b	  13.93378	   0.01605	 370.17340	  -3.31067    h	  10.30160	  -0.10753	 361.85800	  -3.56270
O	  28.24600	    d	  16.62979	   0.00614	 389.35559	   2.76879    b	  13.92435	   0.01551	 377.05609	  -3.30362    h	   9.15088	  -0.13915	 366.61237	  -4.17044
O	  28.75200	    d	  16.63336	   0.00605	 397.93600	   2.76978    b	  13.85969	   0.01473	 383.93671	  -3.29817    h	   8.07748	  -0.16709	 370.79611	  -4.83813
O	  29.25800	    d	  16.64055	   0.00592	 406.51700	   2.77034    b	  13.87483	   0.01443	 390.81567	  -3.29585    h	   6.51061	  -0.14441	 374.34311	  -4.93829
O	  29.76400	    d	  16.66271	   0.00576	 415.09830	   2.77118    b	  13.95302	   0.01462	 397.69803	  -3.29501    h	   5.34657	  -0.13100	 377.25818	  -4.96268
O	  30.27000	    d	  16.64383	   0.00606	 423.68106	   2.77156    b	  13.88834	   0.01451	 404.58020	  -3.29463    h	   4.25570	  -0.13500	 379.60950	  -4.95527
O	  30.77600	    d	  16.64592	   0.00642	 432.26718	   2.77213    b	  13.83426	   0.01424	 411.46091	  -3.29459    h	   3.27674	  -0.12633	 381.47516	  -4.97139
O	  31.28200	    d	  16.68421	   0.00639	 440.85022	   2.77282    b	  13.94991	   0.01414	 418.34323	  -3.29432    h	   2.50814	  -0.13071	 382.89517	  -4.96318
