O	   7.57400	    b	  13.86835	   0.00001	  82.28529	  -3.00010    d	  16.64071	   0.00008	  36.93372	   2.99958    h	  12.37015	  -0.01323	   0.00000	  -2.72269
O	   8.09200	    b	  13.84768	   0.00001	  89.47545	  -3.00010    d	  16.63189	   0.00001	  45.55308	   2.99997    h	  14.86578	  -0.01323	   7.08472	  -2.81641
O	   8.59200	    b	  13.83402	   0.00001	  96.41779	  -3.00010    d	  16.64938	   0.00000	  53.87308	   2.99997    h	  15.15845	  -0.01297	  14.72220	  -2.92857
O	   9.09200	    b	  13.86129	   0.00001	 103.35843	  -3.00010    d	  16.63320	   0.00000	  62.19304	   2.99997    h	  15.97964	   0.00907	  22.48002	  -2.93676
O	   9.59200	    b	  13.90273	   0.00001	 110.29991	  -3.00010    d	  16.64199	   0.00000	  70.51271	   2.99997    h	  16.96944	  -0.00540	  30.72194	  -2.89504
O	  10.09200	    b	  13.92946	   0.00001	 117.23985	  -3.00010    d	  16.64282	   0.00000	  78.83246	   2.99997    h	  17.95474	  -0.00476	  39.45241	  -2.91941
O	  10.59200	    b	  13.90334	   0.00001	 124.18028	  -3.00010    d	  16.63219	   0.00000	  87.15121	   2.99997    h	  18.94146	  -0.00461	  48.67642	  -2.96037
O	  11.09200	    b	  13.84566	   0.00001	 131.12157	  -3.00010    d	  16.64886	   0.00000	  95.47052	   2.99997    h	  19.91790	  -0.00460	  58.38958	  -3.00490
O	  11.59200	    b	  13.82856	   0.00001	 138.06322	  -3.00010    d	  16.63215	   0.00000	 103.78952	   2.99997    h	  20.88738	  -0.00460	  68.58917	  -3.05178
O	  12.09200	    b	  13.86133	   0.00001	 145.00401	  -3.00010    d	  16.64372	   0.00000	 112.10832	   2.99997    h	  21.85784	  -0.00460	  79.27545	  -3.10091
O	  12.59200	    b	  13.90595	   0.00001	 151.94554	  -3.00010    d	  16.64116	   0.00000	 120.42784	   2.99997    h	  23.13757	  -0.00460	  90.49425	  -3.15249
O	  13.09200	    b	  13.91973	   0.00001	 158.88542	  -3.00010    d	  16.63342	   0.00000	 128.74675	   2.99997    h	  24.02152	   0.00394	 102.32303	  -3.19005
O	  13.59200	    b	  13.93139	   0.00001	 165.82475	  -3.00010    d	  16.64847	   0.00000	 137.06615	   2.99997    h	  24.52510	   0.00309	 114.45879	  -3.17245
O	  14.09200	    b	  13.86753	   0.00001	 172.76591	  -3.00010    d	  16.63130	   0.00000	 145.38512	   2.99997    h	  25.02212	   0.00285	 126.84465	  -3.13955
O	  14.59200	    b	  13.84488	   0.00001	 179.70610	  -3.00010    d	  16.64530	   0.00000	 153.70403	   2.99997    h	  25.52352	   0.00282	 139.47881	  -3.10415
O	  15.09200	    b	  13.82741	   0.00001	 186.64751	  -3.00010    d	  16.63943	   0.00000	 162.02354	   2.99997    h	  26.02180	   0.00282	 152.36333	  -3.06781
O	  15.59200	    b	  13.85497	   0.00001	 193.58916	  -3.00010    d	  16.63579	   0.00000	 170.34239	   2.99997    h	  26.51436	   0.00282	 165.49504	  -3.03081
O	  16.10200	    b	  13.86409	   0.00001	 200.66832	  -3.00010    h	  26.99934	   0.05395	 179.14555	  -2.97244    d	  16.64355	   0.00000	 178.82909	   2.99997
O	  16.60800	    b	  13.91081	   0.00001	 207.69341	  -3.00010    h	  25.99794	   0.45439	 192.73943	  -1.67039    d	  16.62744	   0.00000	 187.25017	   2.99997
O	  17.11400	    b	  13.93495	   0.00001	 214.71825	  -3.00010    h	  26.32742	  -0.08313	 206.11711	   1.43498    d	  16.63058	   0.00000	 195.67174	   2.99997
O	  17.62000	    b	  13.90529	   0.00001	 221.74205	  -3.00010    h	  26.48741	  -0.20791	 219.76433	   2.63471    d	  16.64742	   0.00000	 204.09343	   2.99997
O	  18.12600	    h	  27.55010	  -0.11309	 233.53410	   1.75313    b	  13.84096	   0.00001	 228.76628	  -3.00010    d	  16.66075	   0.00000	 212.51585	   2.99997
O	  18.63200	    h	  28.03781	  -0.10385	 247.52605	   0.34964    b	  13.83171	   0.00001	 235.79240	  -3.00010    d	  16.65762	   0.00000	 220.93822	   2.99997
O	  19.13800	    h	  28.55053	  -0.10330	 261.76591	  -1.12510    b	  13.88353	   0.00001	 242.81883	  -3.00010    d	  16.65240	   0.00000	 229.36076	   2.99997
O	  19.64400	    h	  28.91664	   0.02954	 276.27451	  -2.23395    b	  13.95457	   0.00001	 249.84312	  -3.00010    d	  16.64459	   0.00000	 237.78331	   2.99997
O	  20.15000	    h	  29.41244	   0.01001	 291.04373	  -2.44377    b	  13.90898	   0.00001	 256.87523	  -3.00010    d	  16.63306	   0.00000	 246.20573	   2.99997
O	  20.65600	    h	  29.91297	  -0.00725	 306.05399	  -2.42682    b	  13.84334	   0.00001	 263.90086	  -3.00010    d	  16.63031	   0.00000	 254.62828	   2.99997
O	  21.16200	    h	  30.42392	  -0.00614	 321.31815	  -2.47582    b	  13.83969	   0.00001	 270.92834	  -3.00010    d	  16.62824	   0.00000	 263.05095	   2.99997
O	  21.66800	    h	  30.86688	   0.03898	 336.79614	  -2.55034    b	  13.87755	   0.00001	 277.95468	  -3.00010    d	  16.62789	   0.00000	 271.47372	   2.99997
O	  22.17400	    h	  29.82503	   0.27493	 352.21896	  -2.79178    b	  13.92859	   0.00001	 284.98154	  -3.00010    d	  16.63022	   0.00000	 279.89664	   2.99997
O	  22.68000	    h	  30.27485	   0.21957	 367.51736	  -2.33897    b	  13.94062	   0.00001	 292.00742	  -3.00010    d	  16.63770	   0.00000	 288.31961	   2.99997
O	  23.18600	    h	  31.54077	   0.03194	 382.99866	  -1.64258    b	  13.81540	   0.00001	 299.03635	  -3.00010    d	  16.65485	   0.00000	 296.74271	   2.99997
O	  23.69200	    h	  32.44439	   0.03451	 399.05865	  -1.87101    b	  13.90580	   0.00001	 306.06351	  -3.00010    d	  16.65818	   0.00000	 305.16531	   2.99997
O	  24.19800	    h	  31.95343	   0.17173	 415.31149	  -2.49996    d	  16.67015	   0.00000	 313.58804	   2.99997    b	  13.83083	   0.00001	 313.08890	  -3.00010
O	  24.70400	    h	  32.23751	   0.11500	 431.48752	  -2.64950    d	  16.66450	   0.00000	 322.01065	   2.99997    b	  13.95488	   0.00001	 320.11752	  -3.00010
O	  25.21000	    h	  31.62693	   0.15146	 447.37772	  -2.60249    d	  16.64854	   0.00000	 330.43350	   2.99997    b	  13.91682	   0.00001	 327.14761	  -3.00010
O	  25.71600	    h	  30.54423	   0.17984	 462.84317	  -3.42082    d	  16.61954	  -0.01540	 338.95038	   2.94886    b	  13.81586	   0.00001	 334.17435	  -3.00010
O	  26.22200	    h	  27.20477	   0.44924	 477.51672	  -4.39893    d	  16.66427	  -0.00195	 347.53793	   2.81914    b	  13.89816	  -0.00881	 341.06223	  -3.10693
O	  26.72800	    h	  25.29744	   0.45225	 491.24112	  -4.04431    d	  16.64697	   0.00495	 356.12012	   2.77332    b	  13.95444	   0.00617	 347.94757	  -3.24082
O	  27.23400	    h	  26.47203	   0.21149	 504.29074	  -3.57002    d	  16.62007	   0.00621	 364.70135	   2.76656    b	  13.87306	   0.01375	 354.82980	  -3.29832
O	  27.74000	    h	  24.51637	   0.39327	 517.09396	  -3.07328    d	  16.62549	   0.00622	 373.28186	   2.76747    b	  13.83276	   0.01589	 361.70703	  -3.30780
O	  28.24600	    h	  25.32397	   0.22937	 529.62445	  -2.32926    d	  16.62971	   0.00613	 381.86197	   2.76880    b	  13.96494	   0.01595	 368.58710	  -3.30312
