O	   7.57400	    b	  13.86835	   0.00001	  81.69740	  -3.00010    d	  16.64071	   0.00008	  36.34583	   2.99958    h	  12.28795	   0.01267	   0.00000	  -2.59026
O	   8.09200	    b	  13.84768	   0.00001	  88.88756	  -3.00010    d	  16.63189	   0.00001	  44.96519	   2.99997    h	  14.79379	   0.01267	   7.04810	  -2.50113
O	   8.59200	    b	  13.83402	   0.00001	  95.82990	  -3.00010    d	  16.64938	   0.00000	  53.28519	   2.99997    h	  17.59843	   0.01267	  15.22742	  -2.41041
O	   9.09200	    b	  13.86129	   0.00001	 102.77054	  -3.00010    d	  16.63320	   0.00000	  61.60514	   2.99997    h	  19.83011	  -0.03383	  24.61799	  -2.31498
O	   9.59200	    b	  13.90273	   0.00001	 109.71202	  -3.00010    d	  16.64199	   0.00000	  69.92482	   2.99997    h	  20.72568	  -0.03147	  34.87049	  -2.54811
O	  10.09200	    b	  13.92946	   0.00001	 116.65196	  -3.00010    d	  16.64282	   0.00000	  78.24457	   2.99997    h	  20.74732	  -0.02825	  45.23129	  -2.86595
O	  10.59200	    b	  13.90334	   0.00001	 123.59239	  -3.00010    d	  16.63219	   0.00000	  86.56332	   2.99997    h	  21.67969	  -0.00011	  55.83838	  -3.09740
O	  11.09200	    b	  13.84566	   0.00001	 130.53368	  -3.00010    d	  16.64886	   0.00000	  94.88263	   2.99997    h	  22.87607	   0.00577	  66.94467	  -3.15180
O	  11.59200	    b	  13.82856	   0.00001	 137.47533	  -3.00010    d	  16.63215	   0.00000	 103.20163	   2.99997    h	  23.97357	   0.00442	  78.69714	  -3.12167
O	  12.09200	    b	  13.86133	   0.00001	 144.41612	  -3.00010    d	  16.64372	   0.00000	 111.52043	   2.99997    h	  24.47279	   0.00418	  90.81084	  -3.07368
O	  12.59200	    b	  13.90595	   0.00001	 151.35765	  -3.00010    d	  16.64116	   0.00000	 119.83995	   2.99997    h	  24.96826	   0.00415	 103.17197	  -3.02271
O	  13.09200	    b	  13.91973	   0.00001	 158.29753	  -3.00010    d	  16.63342	   0.00000	 128.15886	   2.99997    h	  25.46394	   0.00415	 115.78087	  -2.97048
O	  13.59200	    b	  13.93139	   0.00001	 165.23686	  -3.00010    d	  16.64847	   0.00000	 136.47826	   2.99997    h	  25.95784	   0.00414	 128.63737	  -2.91719
O	  14.09200	    b	  13.86753	   0.00001	 172.17802	  -3.00010    d	  16.63130	   0.00000	 144.79723	   2.99997    h	  26.45622	   0.00414	 141.74174	  -2.86288
O	  14.59200	    b	  13.84488	   0.00001	 179.11821	  -3.00010    h	  26.21919	   0.29124	 155.05986	  -2.48299    d	  16.64530	   0.00000	 153.11613	   2.99997
O	  15.09200	    b	  13.82741	   0.00001	 186.05962	  -3.00010    h	  26.99846	   0.31445	 168.29955	  -0.23857    d	  16.63943	   0.00000	 161.43565	   2.99997
O	  15.59200	    b	  13.85497	   0.00001	 193.00127	  -3.00010    h	  27.58326	   0.14769	 181.64378	   2.80284    d	  16.63579	   0.00000	 169.75450	   2.99997
O	  16.10200	    b	  13.86409	   0.00001	 200.08043	  -3.00010    h	  26.31239	  -0.25572	 195.58910	   4.51860    d	  16.64371	   0.00000	 178.24089	   2.99997
O	  16.60800	    h	  27.64801	  -0.14621	 209.43913	   3.84055    b	  13.91081	   0.00001	 207.10551	  -3.00010    d	  16.62738	   0.00000	 186.66197	   2.99997
O	  17.11400	    h	  28.29263	  -0.07693	 223.54216	   2.36474    b	  13.93495	   0.00001	 214.13036	  -3.00010    d	  16.63044	   0.00000	 195.08354	   2.99997
O	  17.62000	    h	  28.79741	  -0.08201	 237.93260	   1.10645    b	  13.90529	   0.00001	 221.15416	  -3.00010    d	  16.64750	   0.00000	 203.50523	   2.99997
O	  18.12600	    h	  29.30420	  -0.08314	 252.58244	  -0.12449    b	  13.84103	   0.00001	 228.17845	  -3.00010    d	  16.66133	   0.00000	 211.92766	   2.99997
O	  18.63200	    h	  29.80842	  -0.08341	 267.48552	  -1.37387    b	  13.83554	   0.00001	 235.20500	  -3.00010    d	  16.65800	   0.00000	 220.35014	   2.99997
O	  19.13800	    h	  30.25304	   0.01721	 282.65536	  -2.43456    b	  13.94289	   0.00001	 242.23088	  -3.00010    d	  16.65264	   0.00000	 228.77275	   2.99997
O	  19.64400	    h	  30.78030	   0.00262	 298.10825	  -2.75972    b	  13.90525	   0.00001	 249.25584	  -3.00010    d	  16.64485	   0.00000	 237.19524	   2.99997
O	  20.15000	    h	  31.60789	  -0.00254	 313.85733	  -2.84389    b	  13.84334	   0.00001	 256.28221	  -3.00010    d	  16.63331	   0.00000	 245.61772	   2.99997
O	  20.65600	    h	  32.26310	   0.01528	 330.04587	  -2.89488    b	  13.82201	   0.00001	 263.30864	  -3.00010    d	  16.63048	   0.00000	 254.04033	   2.99997
O	  21.16200	    h	  32.14209	   0.11579	 346.17270	  -2.82618    b	  13.91197	   0.00001	 270.33386	  -3.00010    d	  16.62853	   0.00000	 262.46312	   2.99997
O	  21.66800	    h	  32.25075	   0.08575	 362.25018	  -2.89957    b	  13.83689	   0.00001	 277.35941	  -3.00010    d	  16.62822	   0.00000	 270.88602	   2.99997
O	  22.17400	    h	  31.46157	   0.20561	 378.24744	  -2.95233    b	  13.96304	   0.00001	 284.38962	  -3.00010    d	  16.63047	   0.00000	 279.30899	   2.99997
O	  22.68000	    h	  31.81216	   0.12031	 394.15805	  -2.68402    b	  13.81744	   0.00001	 291.41708	  -3.00010    d	  16.63902	   0.00000	 287.73196	   2.99997
O	  23.18600	    h	  31.48659	   0.16632	 409.99173	  -2.21189    b	  13.95892	   0.00001	 298.44406	  -3.00010    d	  16.65454	   0.00000	 296.15482	   2.99997
O	  23.69200	    h	  31.62227	   0.03895	 425.81570	  -1.73928    b	  13.91801	   0.00001	 305.47549	  -3.00010    d	  16.65812	   0.00000	 304.57755	   2.99997
O	  24.19800	    h	  31.20394	   0.11953	 441.54941	  -1.60529    d	  16.67015	   0.00000	 313.00027	   2.99997    b	  13.81643	   0.00001	 312.50272	  -3.00010
O	  24.70400	    h	  29.68847	   0.19699	 456.90735	  -2.25898    d	  16.66473	   0.00000	 321.42288	   2.99997    b	  13.89993	   0.00001	 319.52866	  -3.00010
O	  25.21000	    h	  27.76586	   0.26138	 471.53091	  -3.46139    d	  16.64850	   0.00000	 329.84573	   2.99997    b	  13.95234	   0.00001	 326.55887	  -3.00010
O	  25.71600	    h	  24.30472	   0.50297	 485.10666	  -4.31820    d	  16.62175	  -0.01539	 338.36273	   2.94888    b	  13.86640	   0.00001	 333.58774	  -3.00010
