I	   5.04400	    d	  18.33793	  -0.03885	  14.99097	  -2.77668    h	  20.76778	  -0.00004	   0.00000	  -2.49996
O	   5.55000	    d	  20.74133	  -0.00682	  25.12207	  -2.96349    h	  20.74381	  -0.00017	  10.49341	  -2.50162
O	   6.05600	    d	  20.75821	  -0.00131	  35.62158	  -2.99537    h	  20.74376	  -0.00017	  20.98633	  -2.50353
O	   6.56200	    d	  20.74273	  -0.00031	  46.12134	  -3.00056    h	  20.74371	  -0.00017	  31.47900	  -2.50543
O	   7.06800	    d	  20.75748	  -0.00018	  56.62085	  -3.00134    h	  20.74381	  -0.00017	  41.97168	  -2.50734
O	   7.57400	    d	  20.74273	  -0.00017	  67.12061	  -3.00147    h	  20.74377	  -0.00017	  52.46436	  -2.50925
O	   8.09200	    d	  20.74797	  -0.00008	  77.86914	  -3.00145    h	  20.74380	  -0.00017	  63.20581	  -2.51120
O	   8.59200	    d	  20.74850	   0.00009	  88.24512	  -3.00059    h	  20.74377	  -0.00017	  73.57397	  -2.51308
O	   9.09200	    d	  20.74829	   0.00002	  98.62085	  -3.00010    h	  20.74377	  -0.00017	  83.94214	  -2.51497
O	   9.59200	    d	  20.74825	   0.00001	 108.99683	  -3.00007    h	  20.74374	  -0.00017	  94.31055	  -2.51685
O	  10.09200	    d	  20.74850	   0.00000	 119.37256	  -3.00005    h	  20.74370	  -0.00017	 104.67871	  -2.51874
O	  10.59200	    d	  20.74857	   0.00001	 129.74854	  -3.00003    h	  20.74371	  -0.00017	 115.04688	  -2.52062
O	  11.09200	    d	  20.74833	   0.00000	 140.12427	  -3.00001    h	  20.74377	  -0.00017	 125.41504	  -2.52251
O	  11.59200	    d	  20.74819	  -0.00000	 150.50024	  -2.99998    h	  20.74382	  -0.00017	 135.78320	  -2.52439
O	  12.09200	    d	  20.74839	  -0.00001	 160.87598	  -2.99996    h	  20.74379	  -0.00017	 146.15161	  -2.52627
O	  12.59200	    d	  20.74865	   0.00028	 171.32095	  -3.01169    h	  20.74377	  -0.00017	 156.51978	  -2.52816
O	  13.09200	    d	  20.74824	   0.00059	 181.69692	  -3.00383    h	  20.74374	  -0.00017	 166.88794	  -2.53004
O	  13.59200	    d	  20.74861	   0.00013	 192.07291	  -3.00071    h	  20.74371	  -0.00017	 177.32537	  -2.54399
O	  14.09200	    d	  20.74835	   0.00002	 202.44888	  -3.00009    h	  20.74368	  -0.00017	 187.69374	  -2.54590
O	  14.59200	    d	  20.74825	   0.00001	 212.82485	  -3.00009    h	  20.74370	  -0.00017	 198.06208	  -2.54781
O	  15.09200	    d	  20.74855	   0.00001	 223.20084	  -3.00009    h	  20.74376	  -0.00017	 208.43040	  -2.54972
O	  15.59200	    d	  20.74845	   0.00001	 233.57678	  -3.00009    h	  20.74380	  -0.00017	 218.79878	  -2.55162
O	  16.10200	    d	  20.74764	   0.00001	 244.16026	  -3.00009    h	  20.74373	  -0.00017	 229.37449	  -2.55357
O	  16.60800	    d	  20.75782	  -0.00025	 254.66078	  -3.00059    h	  20.74372	  -0.00017	 239.87434	  -2.55550
O	  17.11400	    d	  20.74255	  -0.00019	 265.16124	  -3.00129    h	  20.74379	  -0.00017	 250.37482	  -2.55743
O	  17.62000	    d	  20.75764	  -0.00014	 275.66173	  -3.00151    h	  20.74373	  -0.00017	 260.87529	  -2.55936
O	  18.12600	    d	  20.74259	  -0.00014	 286.16222	  -3.00151    h	  20.74369	  -0.00017	 271.37578	  -2.56129
O	  18.63200	    d	  20.75802	  -0.00014	 296.66270	  -3.00151    h	  20.74379	  -0.00017	 281.87627	  -2.56322
O	  19.13800	    d	  20.74261	  -0.00015	 307.16319	  -3.00151    h	  20.74375	  -0.00017	 292.37675	  -2.56515
O	  19.64400	    d	  20.75811	  -0.00013	 317.66368	  -3.00151    h	  20.74369	  -0.00017	 302.87724	  -2.56708
O	  20.15000	    d	  20.74213	  -0.00015	 328.16417	  -3.00151    h	  20.74380	  -0.00017	 313.37773	  -2.56901
O	  20.65600	    d	  20.75979	  -0.00017	 338.66466	  -3.00151    h	  20.74330	  -0.00017	 323.87822	  -2.57094
O	  21.16200	    d	  20.74068	  -0.00019	 349.16508	  -3.00160    h	  20.74199	  -0.00017	 334.37871	  -2.57287
O	  21.66800	    d	  20.76080	  -0.00017	 359.66551	  -3.00163    h	  20.74071	  -0.00017	 344.87920	  -2.57480
O	  22.17400	    d	  20.74106	  -0.00017	 370.16551	  -3.00163    h	  20.73958	  -0.00017	 355.37968	  -2.57673
O	  22.68000	    d	  20.76419	  -0.00017	 380.66551	  -3.00163    h	  20.73845	  -0.00017	 365.88017	  -2.57866
O	  23.18600	    d	  20.74136	  -0.00016	 391.16551	  -3.00172    h	  20.73733	  -0.00017	 376.38066	  -2.58059
O	  23.69200	    d	  20.78523	  -0.00017	 401.66869	  -3.00185    h	  21.98656	  -0.00016	 387.04643	  -2.58252
O	  24.19800	    d	  20.74748	   0.00001	 412.17278	  -3.00201    h	  23.19292	  -0.00018	 398.51433	  -2.58445
O	  24.70400	    d	  20.74959	  -0.00010	 422.67412	  -3.00121    h	  24.20429	  -0.00017	 410.50774	  -2.58638
O	  25.21000	    d	  20.73717	  -0.00020	 433.17599	  -3.00144    h	  25.20642	  -0.00017	 423.00951	  -2.58831
O	  25.71600	    d	  20.75607	  -0.00010	 443.67685	  -3.00168    h	  28.48003	  -0.00017	 436.36960	  -2.59052
O	  26.22200	    d	  23.71235	  -0.10006	 455.11234	  -3.03656    h	  25.40564	  -0.09342	 450.51395	  -2.63895
O	  26.72800	    d	  20.58322	   0.09308	 466.69357	  -3.30177    h	  22.09001	   0.10451	 462.11594	  -3.55905
O	  27.23400	    d	  20.77636	   0.01147	 477.40237	  -2.96586    h	  20.77425	   0.07021	 472.78171	  -2.81437
O	  27.74000	    d	  20.83510	  -0.00387	 487.92123	  -2.97991    h	  19.80255	   0.08627	 483.02335	  -2.08277
O	  28.24600	    d	  20.82663	  -0.01010	 498.26041	  -3.09762    h	  22.12018	   0.10704	 493.16904	  -0.83848
O	  28.75200	    d	  20.73182	  -0.00371	 508.55695	  -3.16019    h	  26.89014	   0.06837	 505.49966	   0.32866
O	  29.25800	    h	  31.00173	  -0.02809	 520.27527	   0.62355    d	  20.73078	  -0.00047	 518.85010	  -3.17427
O	  29.76400	    h	  34.40668	  -0.13698	 536.77664	  -0.74663    d	  20.83319	  -0.00109	 529.14331	  -3.17275
O	  30.27000	    h	  36.57613	  -0.03374	 554.46295	  -2.99817    d	  20.82705	  -0.00088	 539.43842	  -3.17219
O	  30.77600	    h	  38.31392	   0.07518	 573.15332	  -3.62750    d	  20.75343	  -0.00107	 549.72897	  -3.17412
O	  31.28200	    h	  40.43647	   0.06358	 592.51974	  -2.18668    d	  20.73496	  -0.00205	 560.01917	  -3.17234
O	  31.78800	    h	  39.77224	   0.15711	 612.58789	  -0.70342    d	  20.74252	  -0.00157	 570.31409	  -3.17249
O	  32.28800	    h	  40.36543	   0.11252	 632.56927	   1.11674    d	  20.73181	  -0.00142	 580.48438	  -3.17117
O	  32.78800	    h	  39.49587	   0.11252	 652.92062	   2.64763    d	  20.73247	  -0.00071	 590.65506	  -3.17045
O	  33.28800	    h	  40.08652	   0.01651	 673.83334	   2.86283    d	  20.80297	  -0.01650	 600.67853	  -3.24475
O	  33.78800	    h	  38.13483	  -0.05417	 694.05280	   1.59381    d	  20.74339	  -0.00496	 610.59589	  -3.33916
O	  34.28800	    h	  35.37371	  -0.08084	 712.49078	  -0.88888    d	  20.73826	  -0.00483	 620.49927	  -3.36801
O	  34.78800	    h	  30.77951	   0.06578	 728.53949	  -3.90100    d	  20.76254	  -0.00073	 630.40115	  -3.37727
O	  35.28800	    h	  26.70369	   0.49410	 742.54187	  -3.81997    d	  20.71794	   0.00025	 640.30447	  -3.37404
O	  35.78800	    h	  27.53804	   0.61026	 755.74835	   0.36675    d	  20.78601	   0.00045	 650.21069	  -3.36967
O	  36.28800	    h	  26.15121	   0.05639	 768.58234	   4.60339    d	  20.76127	   0.00030	 660.11029	  -3.37127
O	  36.78800	    h	  25.67705	  -0.48451	 781.36987	   2.96243    d	  20.69716	   0.00034	 670.00516	  -3.37432
O	  37.28800	    h	  27.14853	  -0.20110	 794.11084	  -1.44831    d	  20.76768	   0.00070	 679.89960	  -3.37763
O	  37.78800	    h	  28.33651	   0.00729	 807.58435	  -2.77920    d	  20.76637	   0.00081	 689.79572	  -3.38203
O	  38.28800	    h	  31.75975	   0.00879	 822.65607	  -2.68148    d	  20.71888	   0.00152	 699.69397	  -3.38564
O	  38.78800	    h	  34.86166	   0.06048	 839.30621	  -2.21239    d	  20.79418	   0.00030	 709.59821	  -3.39014
O	  39.28800	    h	  37.95247	   0.00962	 857.49872	  -1.20301    d	  20.79620	   0.00088	 719.49689	  -3.39946
O	  39.78800	    h	  38.34079	  -0.00889	 876.91266	  -0.71196    d	  20.79263	  -0.00085	 729.39612	  -3.41123
O	  40.28800	    h	  34.67839	  -0.23312	 895.48840	  -0.25448    d	  20.82991	   0.00386	 739.29376	  -3.41572
O	  40.78800	    h	  37.22647	   0.07563	 913.66907	  -0.88164    d	  20.75703	   0.02591	 749.58997	  -3.18415
O	  41.28800	    h	  40.53825	   0.25688	 932.62134	   3.14674    d	  20.71513	   0.00563	 759.97369	  -3.03845
O	  41.78800	    h	  41.93772	  -0.12439	 953.92218	   4.06113    d	  20.80358	   0.00074	 770.35883	  -3.00901
O	  42.28800	    h	  42.57105	   0.01386	 975.36499	   0.90185    d	  20.80677	  -0.00010	 780.74554	  -3.00399
O	  42.78800	    h	  45.51964	   0.03035	 997.38556	   0.95930    d	  20.75690	  -0.00025	 791.13159	  -3.00289
O	  43.28800	    h	  48.40147	   0.03023	1020.86633	   1.66890    d	  20.71667	  -0.00045	 801.51758	  -3.00285
O	  43.78800	    h	  50.82475	   0.03013	1045.69989	   2.41771    d	  20.81042	  -0.00049	 811.90607	  -3.00341
O	  44.28800	    h	  52.25104	  -0.10766	1071.58679	   2.71200    d	  20.76153	  -0.00008	 822.29218	  -3.00298
O	  44.78800	    h	  44.85101	  -0.49106	1096.45789	  -1.55552    d	  20.74076	  -0.00007	 832.66980	  -3.00229
O	  45.28800	    h	  26.76215	  -0.75548	1118.86469	  -3.10480    d	  20.73954	  -0.00008	 843.04504	  -3.00100
O	  45.78800	    h	  20.39127	  -0.66399	1136.35040	  -1.29333    d	  20.74699	  -0.00007	 853.42072	  -3.00038
O	  46.28800	    h	  26.37606	   0.05730	1150.13812	   0.73376    d	  20.74966	   0.02015	 863.87897	  -2.97158
O	  46.78800	    h	  24.95354	   0.02001	1162.66467	   2.04581    d	  20.75069	   0.01026	 874.55573	  -2.75048
O	  47.28800	    h	  23.19425	  -0.13288	1174.06549	   2.00031    d	  20.75336	   0.00092	 885.22180	  -2.70529
O	  47.78800	    h	  27.14237	  -0.05842	1186.28784	   1.21054    d	  20.75449	  -0.00042	 895.88757	  -2.71362
O	  48.28800	    h	  27.66372	  -0.09021	1199.78833	   0.49583    d	  20.75499	   0.00031	 906.55536	  -2.72434
O	  48.78800	    h	  31.20281	   0.03418	1214.50220	   0.58636    d	  20.75514	   0.00108	 917.22412	  -2.73148
O	  49.28800	    h	  34.20995	   0.03512	1230.85400	   1.16027    d	  20.75331	   0.00138	 927.89319	  -2.73660
O	  49.78800	    h	  37.09968	   0.03507	1248.67822	   1.78732    d	  20.75169	  -0.03929	 938.14227	  -2.97928
O	  50.28800	    h	  39.79530	  -0.01727	1267.90332	   1.86887    d	  20.75043	  -0.01145	 948.20209	  -3.19876
O	  50.78800	    h	  41.96965	  -0.02010	1288.36401	   1.51413    d	  20.74832	  -0.00598	 958.25250	  -3.26176
O	  51.28800	    h	  44.02450	  -0.02947	1309.85693	   0.90759    d	  20.75517	   0.01965	 968.38269	  -3.27189
O	  51.78800	    h	  46.05983	  -0.02963	1332.37109	   0.24173    d	  20.75591	   0.01117	 978.75848	  -3.07549
O	  52.28800	    h	  48.09177	  -0.02982	1355.90222	  -0.45899    d	  20.75565	   0.00212	 989.13605	  -3.01675
O	  52.78800	    h	  49.92197	   0.01583	1380.43555	  -1.11432    d	  20.75518	   0.00028	 999.51318	  -3.00624
O	  53.28800	    h	  51.57561	   0.02075	1405.80261	  -0.68390    d	  20.75450	   0.00008	1009.88928	  -3.00421
O	  53.78800	    h	  48.44694	   0.19030	1431.21729	   1.21128    d	  20.75403	  -0.00007	1020.26538	  -3.00219
O	  54.28800	    h	  45.25393	  -0.27271	1454.30188	  -2.80136    d	  20.75311	  -0.00022	1030.64148	  -3.00017
O	  54.78800	    h	  38.57815	   0.23753	1472.32495	  -4.45791    d	  20.75217	  -0.00035	1041.01752	  -2.99815
O	  55.28800	    h	  27.24097	   0.71175	1489.42480	  -3.80938    d	  20.75123	  -0.00038	1051.39453	  -2.99720
O	  55.78800	    h	  20.65537	   0.78070	1503.95740	  -3.73931    d	  20.75045	  -0.00038	1061.77209	  -2.99694
O	  56.28800	    h	  17.11997	   0.71528	1515.31128	  -3.34594    d	  20.74933	  -0.00038	1072.14917	  -2.99611
O	  56.78800	    h	  18.96268	   0.26744	1524.30981	  -1.64976    d	  20.74777	  -0.00043	1082.52655	  -2.99571
O	  57.28800	    h	  21.40311	   0.29991	1533.66748	   1.24255    d	  20.73810	   0.05269	1093.33063	  -2.74442
O	  57.78800	    h	  26.74234	  -0.04760	1546.29517	   2.80936    d	  20.71881	   0.01155	1104.26831	  -2.44907
O	  58.28800	    h	  31.06254	  -0.10604	1561.17029	   1.11761    d	  20.80235	  -0.00038	1115.18311	  -2.41272
O	  58.78800	    h	  35.00882	  -0.07605	1577.61475	  -0.59558    d	  20.80565	   0.00037	1126.09344	  -2.40865
O	  59.28800	    h	  38.74979	  -0.01511	1596.01733	  -1.15412    d	  20.76392	   0.00074	1137.00415	  -2.40061
O	  59.78800	    h	  42.03701	   0.06187	1616.26306	  -1.07789    d	  20.75767	   0.00503	1147.90533	  -2.39060
O	  60.28800	    h	  45.14441	   0.05998	1638.02893	   0.20563    d	  20.75251	   0.00180	1158.80292	  -2.38575
O	  60.78800	    h	  48.10662	   0.04738	1661.31470	   1.53497    d	  20.74886	  -0.00095	1169.70142	  -2.38341
O	  61.28800	    h	  49.85074	  -0.13633	1685.95178	   1.86529    d	  20.79282	   0.00304	1180.59747	  -2.37612
O	  61.78800	    h	  45.58852	  -0.42537	1709.84180	  -3.14789    d	  20.79277	  -0.00162	1191.49249	  -2.36775
O	  62.28800	    h	  42.57463	   0.03147	1734.06091	  -3.91027    d	  20.72297	  -0.00157	1202.38818	  -2.36753
O	  62.78800	    h	  37.10156	  -0.04109	1755.04980	  -0.27315    d	  20.76639	  -0.05387	1213.03125	  -2.53143
O	  63.28800	    h	  25.43842	  -0.41939	1771.51477	   3.67194    d	  20.71516	  -0.01675	1223.41064	  -2.89197
O	  63.78800	    h	  29.07401	  -0.33023	1785.49817	   3.40155    d	  20.80565	  -0.00348	1233.79651	  -2.98020
O	  64.29600	    h	  31.85376	  -0.05679	1800.89172	   0.59387    d	  20.81050	  -0.00098	1244.34912	  -2.99857
O	  64.80200	    h	  35.31905	  -0.04622	1817.87476	  -0.29492    d	  20.70956	  -0.00043	1254.86169	  -3.00122
O	  65.30800	    h	  38.62424	  -0.04722	1836.57471	  -1.16089    d	  20.76137	  -0.00012	1265.37537	  -3.00122
O	  65.81400	    h	  41.30526	  -0.10563	1856.72241	  -3.17438    d	  20.82272	  -0.00044	1275.88794	  -3.00122
O	  66.32000	    h	  43.07054	   0.06047	1877.98828	  -3.30866    d	  20.82978	  -0.00047	1286.39832	  -3.00122
O	  66.82600	    h	  44.46492	   0.24467	1900.14209	  -1.10614    d	  20.71889	  -0.00056	1296.91125	  -3.00122
O	  67.33200	    h	  42.62416	   0.09296	1922.39722	   2.08801    d	  20.74978	  -0.00052	1307.42432	  -3.00122
O	  67.83800	    h	  38.69333	  -0.01423	1943.79871	   0.78049    d	  20.80913	  -0.00047	1317.93616	  -3.00122
O	  68.34400	    h	  35.05911	  -0.13980	1961.67468	  -3.64398    d	  20.81135	   0.00009	1328.44714	  -3.00122
O	  68.85000	    h	  32.90561	   0.15092	1976.90161	  -4.46477    d	  20.71288	  -0.00064	1338.96057	  -3.00122
O	  69.35600	    h	  35.39867	   0.21810	1993.67786	  -2.58765    d	  20.76972	  -0.00068	1349.47607	  -3.00122
O	  69.86200	    h	  36.85652	  -0.02972	2011.99524	  -0.34784    d	  20.79902	  -0.00058	1359.99207	  -3.00122
O	  70.36800	    h	  40.07198	  -0.07160	2031.40417	  -1.43884    d	  20.75508	  -0.00039	1370.50159	  -3.00122
O	  70.87400	    h	  42.75555	  -0.07147	2052.31860	  -2.93787    d	  20.74187	  -0.00042	1381.01086	  -3.00122
O	  71.38000	    h	  43.59776	   0.19620	2074.32056	  -2.78290    d	  20.73624	  -0.00045	1391.51794	  -3.00122
O	  71.88600	    h	  40.51757	   0.23051	2095.41846	   1.03647    d	  20.72622	  -0.00061	1402.02454	  -3.00122
O	  72.39200	    h	  33.90246	   0.30922	2115.48779	   1.97700    d	  20.72949	  -0.00038	1412.53076	  -3.00122
O	  72.89800	    h	  34.43798	   0.01499	2133.59900	   1.04581    d	  20.74214	  -0.00024	1423.03821	  -3.00122
O	  73.40400	    h	  37.22218	  -0.05916	2151.69397	   0.11200    d	  20.79799	  -0.06676	1433.13831	  -3.23104
O	  73.91000	    h	  40.33593	  -0.05923	2171.28735	  -1.03825    d	  20.72638	  -0.00507	1442.78369	  -3.77602
O	  74.41600	    h	  41.01706	   0.15646	2191.97156	  -0.83628    d	  20.74493	   0.00867	1452.36963	  -3.87899
O	  74.92200	    h	  38.18767	   0.24288	2212.24622	   3.02497    d	  20.76015	   0.01256	1461.95679	  -3.78968
O	  75.42800	    h	  35.52557	  -0.07399	2232.56787	   2.49213    d	  20.76048	   0.00597	1471.55652	  -3.73419
O	  75.93400	    h	  32.25066	  -0.16322	2249.61108	  -1.60003    d	  20.75527	   0.00470	1481.16650	  -3.70035
O	  76.44000	    h	  28.52559	  -0.02967	2263.23608	  -4.91782    d	  20.75775	   0.00320	1490.78198	  -3.68301
O	  76.94600	    h	  30.29212	   0.12164	2279.35425	  -3.82501    d	  20.75782	   0.00215	1500.40112	  -3.66989
O	  77.45200	    h	  28.30671	   0.11079	2294.91187	  -0.80254    d	  20.75798	   0.00158	1510.02283	  -3.65979
O	  77.95800	    h	  27.49517	   0.20530	2308.45386	   2.09058    d	  20.75721	   0.00126	1519.64661	  -3.65127
O	  78.46400	    h	  26.08412	   0.14164	2320.88989	   4.60408    d	  20.75488	  -0.00062	1529.27173	  -3.64467
O	  78.97000	    h	  26.57575	  -0.15786	2332.76270	   4.18841    d	  20.75437	   0.00035	1538.89795	  -3.63839
O	  79.47600	    h	  29.61705	  -0.01533	2345.86475	   3.71015    d	  20.75276	  -0.00288	1548.52478	  -3.63394
O	  79.98200	    h	  28.64089	  -0.04230	2359.46606	   3.77803    d	  20.75635	   0.05553	1558.55664	  -3.47724
O	  80.48800	    h	  26.13970	  -0.30184	2372.20312	   3.13935    d	  20.75705	   0.01682	1569.05273	  -3.11048
O	  80.99400	    h	  28.61555	  -0.09792	2385.95410	   0.34694    d	  20.75750	   0.00303	1579.55322	  -3.02289
O	  81.50000	    h	  30.08205	   0.10261	2400.52319	   0.71925    d	  20.75790	   0.00025	1590.05383	  -3.00623
O	  82.00600	    h	  32.31303	  -0.12712	2416.26733	   0.49885    d	  20.75817	   0.00003	1600.55444	  -3.00623
O	  82.51200	    h	  35.30114	  -0.02285	2433.31812	  -0.99754    d	  20.75808	   0.00003	1611.05493	  -3.00623
O	  83.01800	    h	  38.36198	  -0.02042	2451.95996	  -1.43499    d	  20.75782	   0.00005	1621.55554	  -3.00623
O	  83.52400	    h	  40.97811	   0.01439	2472.06787	  -1.26427    d	  20.75756	   0.00007	1632.05615	  -3.00623
O	  84.03000	    h	  43.13591	   0.01438	2493.35327	  -0.95776    d	  20.75708	   0.00010	1642.55664	  -3.00623
O	  84.53600	    h	  45.19351	   0.01439	2515.70459	  -0.63573    d	  20.75612	   0.00014	1653.05725	  -3.00623
O	  85.04200	    h	  47.14756	  -0.01158	2539.07031	  -0.56371    d	  20.75525	   0.00019	1663.55786	  -3.00623
O	  85.54800	    h	  49.02435	  -0.01149	2563.40649	  -0.84093    d	  20.75469	   0.00025	1674.05835	  -3.00623
O	  86.05400	    h	  50.40818	  -0.07710	2588.55762	  -1.89838    d	  20.75337	   0.00032	1684.55884	  -3.00623
O	  86.56000	    h	  51.54761	   0.01799	2614.31128	  -2.25298    d	  20.75254	   0.00040	1695.05945	  -3.00623
O	  87.06600	    h	  52.77662	  -0.06196	2640.69312	  -2.63006    d	  20.75083	   0.03516	1705.68042	  -2.97283
O	  87.57200	    h	  54.09425	   0.00598	2667.70654	  -3.49524    d	  20.73961	   0.03092	1716.77759	  -2.50309
O	  88.07800	    h	  55.59346	   0.01574	2695.45459	  -3.34924    d	  20.75239	   0.00038	1727.80481	  -2.34668
O	  88.58400	    h	  50.53839	   0.35285	2722.68823	  -0.95793    d	  20.75089	  -0.00348	1738.82544	  -2.38057
O	  89.09000	    h	  42.13373	  -0.06721	2747.18115	  -1.03745    d	  20.74952	   0.00067	1749.85486	  -2.41044
O	  89.59600	    h	  33.21156	   0.04987	2762.03809	  -4.80200    d	  20.75138	   0.00275	1760.88831	  -2.42175
O	  90.10200	    h	  34.84931	   0.32458	2778.84521	  -1.58784    d	  20.75050	   0.00542	1771.92249	  -2.42446
O	  90.60800	    h	  36.43957	   0.03996	2796.43774	   1.36582    d	  20.74928	  -0.00603	1782.91882	  -2.42053
O	  91.11400	    h	  39.49561	  -0.06984	2815.61938	   1.03072    d	  20.74111	  -0.02926	1793.41064	  -2.80909
O	  91.62000	    h	  42.29892	  -0.06952	2836.29297	  -0.40496    d	  20.75891	  -0.00643	1803.90967	  -2.96460
O	  92.12600	    h	  44.88608	  -0.03318	2858.32593	  -1.47694    d	  20.74055	  -0.00136	1814.40955	  -2.99561
O	  92.63200	    h	  41.34600	  -0.07288	2879.48315	  -4.58760    d	  20.76452	  -0.00048	1824.90955	  -2.99878
O	  93.13800	    h	  38.50179	   0.15765	2897.48413	  -4.65667    d	  20.75023	  -0.00036	1835.41077	  -2.99878
O	  93.64400	    h	  39.74409	  -0.01455	2915.66187	  -4.91551    d	  20.84109	  -0.00039	1845.92090	  -2.99878
O	  94.15000	    h	  39.19835	   0.22952	2934.88770	  -4.27340    d	  20.74102	  -0.00054	1856.43677	  -2.99878
O	  94.65600	    h	  41.26208	  -0.00817	2955.15576	  -1.36712    d	  20.83632	  -0.00074	1866.95105	  -2.99878
O	  95.16200	    h	  44.35772	  -0.05925	2976.82056	  -1.52861    d	  20.73783	  -0.00040	1877.46594	  -2.99878
O	  95.66800	    h	  47.18096	   0.02406	3000.02710	  -2.63070    d	  20.71758	  -0.00072	1887.97424	  -2.99878
O	  96.17400	    h	  44.10635	   0.41341	3023.25513	  -0.21842    d	  20.76333	  -0.00058	1898.48914	  -2.99878
O	  96.68000	    h	  42.33074	  -0.04732	3045.59082	   4.67847    d	  20.81904	  -0.04066	1908.60376	  -3.22199
O	  97.18600	    h	  34.73637	  -1.20651	3065.16846	  -2.97299    d	  20.80866	  -0.00701	1918.44324	  -3.49756
O	  97.69200	    h	  22.83179	  -0.15308	3076.60327	  -4.65824    d	  20.72060	   0.00241	1928.26599	  -3.54330
O	  98.19800	    h	   1.93167	   1.91609	3086.81714	  -2.63202    d	  20.73443	   0.00065	1938.08813	  -3.54936
O	  98.70400	    h	  -2.33362	  -1.29778	3094.22290	   0.48346    d	  20.84120	   0.00169	1947.90210	  -3.55986
O	  99.21000	    h	  -8.23378	   2.63609	3100.33301	   3.07047    d	  20.75267	  -0.00221	1957.71265	  -3.56587
O	  99.71600	    h	  15.79211	  -0.63389	3106.99805	   1.72064    d	  20.83720	   0.00260	1967.52795	  -3.57275
O	 100.22200	    h	  16.52191	  -0.37363	3115.12354	  -0.77592    d	  20.81075	   0.00062	1977.34167	  -3.57489
O	 100.72800	    h	  11.17403	  -0.71531	3122.98706	  -3.84102    d	  20.79412	   0.04346	1987.60364	  -3.32789
O	 101.23400	    h	  15.91961	  -0.17896	3131.16919	  -4.68906    d	  20.74232	   0.01151	1998.10193	  -3.06720
O	 101.74000	    h	  19.82865	   0.38491	3140.43384	  -3.04918    d	  20.75843	   0.00182	2008.60229	  -3.01160
O	 102.24600	    h	  22.92265	   0.21148	3151.14966	   0.49483    d	  20.74220	   0.00015	2019.10266	  -3.00433
O	 102.75200	    h	  26.68880	   0.01165	3163.40234	   1.67680    d	  20.75810	   0.00012	2029.60303	  -3.00434
O	 103.25800	    h	  30.71339	  -0.13534	3177.85156	   0.59251    d	  20.74217	   0.00013	2040.10339	  -3.00434
O	 103.76400	    h	  33.83377	   0.05774	3194.13062	  -0.01396    d	  20.76195	   0.00011	2050.60303	  -3.00434
O	 104.27000	    h	  37.24066	  -0.04548	3212.21582	   0.58598    d	  20.77620	   0.00009	2061.10486	  -3.00434
