I	   5.55000	    d	  20.65794	  -0.00575	  25.46238	  -2.96765    h	  20.15629	  -0.00000	   0.00000	  -1.66662
O	   6.05600	    d	  20.75826	  -0.00110	  35.95831	  -2.99545    h	  20.74309	  -0.00018	  10.47998	  -1.66799
O	   6.56200	    d	  20.74261	  -0.00033	  46.45819	  -3.00033    h	  20.74309	  -0.00018	  21.04183	  -1.68196
O	   7.06800	    d	  20.75804	  -0.00018	  56.95789	  -3.00123    h	  20.74309	  -0.00018	  31.53462	  -1.68389
O	   7.57400	    d	  20.74262	  -0.00015	  67.45776	  -3.00129    h	  20.74309	  -0.00018	  42.02736	  -1.68582
O	   8.09200	    d	  20.74833	  -0.00008	  78.20672	  -3.00129    h	  20.74309	  -0.00018	  52.76897	  -1.68780
O	   8.59200	    d	  20.74825	   0.00007	  88.58267	  -3.00048    h	  20.74309	  -0.00018	  63.13734	  -1.68971
O	   9.09200	    d	  20.74839	   0.00001	  98.95869	  -3.00011    h	  20.74309	  -0.00018	  73.50566	  -1.69161
O	   9.59200	    d	  20.74837	   0.00001	 109.33464	  -3.00011    h	  20.74309	  -0.00018	  83.88033	  -1.69352
O	  10.09200	    d	  20.74839	   0.00001	 119.71062	  -3.00011    h	  20.74309	  -0.00018	  94.25629	  -1.69543
O	  10.59200	    d	  20.74837	   0.00001	 130.08659	  -3.00011    h	  20.74309	  -0.00018	 104.63229	  -1.69734
O	  11.09200	    d	  20.74839	   0.00001	 140.46257	  -3.00011    h	  20.74309	  -0.00018	 115.00822	  -1.69924
O	  11.59200	    d	  20.74837	   0.00001	 150.83855	  -3.00011    h	  20.74309	  -0.00018	 125.38420	  -1.70115
O	  12.09200	    d	  20.74839	   0.00001	 161.21452	  -3.00011    h	  20.74309	  -0.00018	 135.76018	  -1.70306
O	  12.59200	    d	  20.74817	   0.00001	 171.59050	  -3.00011    h	  20.74309	  -0.00018	 146.13615	  -1.70497
O	  13.09200	    d	  20.74826	   0.00001	 181.96648	  -3.00011    h	  21.10649	  -0.00024	 156.54607	  -1.70689
O	  13.59200	    d	  20.74428	  -0.00001	 192.34245	  -3.00011    h	  23.59169	  -0.00024	 167.46483	  -1.70943
O	  14.09200	    d	  20.75283	  -0.00009	 202.71843	  -3.00041    h	  28.46601	  -0.00024	 180.49461	  -1.71253
O	  14.59200	    d	  20.74277	  -0.00010	 213.09441	  -3.00056    h	  32.21623	  -0.00024	 195.71587	  -1.71616
O	  15.09200	    d	  20.75506	  -0.00012	 223.47038	  -3.00064    h	  22.28905	  -0.00208	 209.75371	  -1.71964
O	  15.59200	    d	  20.74153	  -0.00012	 233.84636	  -3.00074    h	  20.76020	  -0.00335	 220.17937	  -1.74646
O	  16.10200	    d	  20.74428	  -0.00020	 244.42998	  -3.00087    h	  20.75881	  -0.00335	 230.76286	  -1.78197
O	  16.60800	    d	  20.74164	  -0.00011	 254.93077	  -3.00132    h	  20.75745	  -0.00335	 241.26335	  -1.81719
O	  17.11400	    d	  20.78119	  -0.00012	 265.43169	  -3.00132    h	  20.75627	  -0.00335	 251.76384	  -1.85242
O	  17.62000	    d	  20.78979	  -0.00011	 275.93582	  -3.00171    h	  20.75512	  -0.00335	 262.26433	  -1.88765
O	  18.12600	    d	  20.76767	  -0.00023	 286.44473	  -3.00239    h	  20.75401	  -0.00335	 272.76480	  -1.92287
O	  18.63200	    d	  20.72468	  -0.00010	 296.94589	  -3.00171    h	  20.75305	  -0.00335	 283.26529	  -1.95810
O	  19.13800	    d	  20.73879	  -0.00042	 307.46426	  -3.00236    h	  20.75213	  -0.00335	 293.76578	  -1.99333
O	  19.64400	    d	  20.78427	  -0.00021	 317.97275	  -3.00249    h	  20.75128	  -0.00335	 304.26627	  -2.02855
O	  20.15000	    d	  20.75076	  -0.00025	 328.48056	  -3.00202    h	  20.75055	  -0.00335	 314.76675	  -2.06378
O	  20.65600	    d	  20.83883	  -0.01469	 338.91284	  -3.03819    h	  20.74986	  -0.00335	 325.26724	  -2.09901
O	  21.16200	    d	  20.77007	  -0.00488	 349.21933	  -3.13775    h	  20.74998	  -0.00901	 335.75565	  -2.13668
O	  21.66800	    d	  20.76504	  -0.00195	 359.51523	  -3.16088    h	  20.75337	  -0.04453	 346.09457	  -2.46542
O	  22.17400	    d	  20.74269	  -0.00133	 369.80246	  -3.16793    h	  20.75581	  -0.03132	 356.40680	  -2.78008
O	  22.68000	    d	  20.74792	  -0.00204	 380.08487	  -3.16999    h	  20.75793	   0.01453	 366.69144	  -3.18596
O	  23.18600	    d	  20.78985	  -0.00040	 390.37708	  -3.16909    h	  20.72387	   0.06484	 376.97263	  -3.03928
O	  23.69200	    d	  20.83732	  -0.00058	 400.67249	  -3.16550    h	  20.75573	   0.05001	 387.26996	  -2.37995
O	  24.19800	    d	  20.73319	  -0.00140	 410.97211	  -3.16402    h	  20.75322	   0.01660	 397.61646	  -2.06633
O	  24.70400	    d	  20.72413	  -0.00152	 421.26764	  -3.16373    h	  20.74530	  -0.04052	 407.97107	  -2.24291
O	  25.21000	    d	  20.79234	  -0.00110	 431.56250	  -3.16413    h	  20.74477	   0.04412	 418.30453	  -1.85807
O	  25.71600	    d	  20.74145	  -0.01377	 441.80914	  -3.17822    h	  20.73848	  -0.02493	 428.67773	  -1.75832
O	  26.22200	    d	  20.75696	  -0.00776	 451.85312	  -3.30386    h	  20.72824	  -0.01607	 439.03690	  -1.89348
O	  26.72800	    d	  20.71197	  -0.00309	 461.88431	  -3.34207    h	  20.72061	  -0.02871	 449.25598	  -1.82336
O	  27.23400	    d	  20.70035	  -0.00257	 471.90866	  -3.35707    h	  20.70366	  -0.07962	 459.43390	  -2.26422
O	  27.74000	    d	  20.77378	  -0.00013	 481.93564	  -3.35553    h	  20.70683	   0.08892	 469.53229	  -2.15069
O	  28.24600	    d	  20.80662	   0.00037	 491.96399	  -3.35353    h	  20.68764	   0.00761	 479.72455	  -1.65760
O	  28.75200	    d	  20.70611	   0.00015	 501.99435	  -3.35488    h	  20.65792	   0.01240	 489.94543	  -1.72051
O	  29.25800	    d	  20.76183	   0.00057	 512.01367	  -3.35652    h	  20.69028	   0.02123	 500.18500	  -1.18409
O	  29.76400	    d	  20.77563	   0.00076	 522.02921	  -3.35861    h	  20.68996	  -0.12342	 510.43704	  -1.71850
